This file contains any messages produced by compilers while
running configure, to aid debugging if configure makes a mistake.

It was created by configure, which was
generated by GNU Autoconf 2.63.  Invocation command line was

  $ ./configure 

## --------- ##
## Platform. ##
## --------- ##

hostname = dm-mac-work.local
uname -m = i386
uname -r = 9.7.0
uname -s = Darwin
uname -v = Darwin Kernel Version 9.7.0: Tue Mar 31 22:52:17 PDT 2009; root:xnu-1228.12.14~1/RELEASE_I386

/usr/bin/uname -p = i386
/bin/uname -X     = unknown

/bin/arch              = unknown
/usr/bin/arch -k       = unknown
/usr/convex/getsysinfo = unknown
/usr/bin/hostinfo      = Mach kernel version:
	 Darwin Kernel Version 9.7.0: Tue Mar 31 22:52:17 PDT 2009; root:xnu-1228.12.14~1/RELEASE_I386
Kernel configured for up to 8 processors.
8 processors are physically available.
8 processors are logically available.
Processor type: i486 (Intel 80486)
Processors active: 0 1 2 3 4 5 6 7
Primary memory available: 14.00 gigabytes
Default processor set: 94 tasks, 487 threads, 8 processors
Load average: 0.52, Mach factor: 7.46
/bin/machine           = unknown
/usr/bin/oslevel       = unknown
/bin/universe          = unknown

PATH: /opt/local/bin
PATH: /opt/local/sbin
PATH: /Users/dimus/bin
PATH: /usr/local/bin
PATH: /opt/local/bin
PATH: /opt/local/sbin
PATH: /Users/dimus/bin
PATH: /usr/local/bin
PATH: /opt/local/bin
PATH: /opt/local/sbin
PATH: /Users/dimus/bin
PATH: /usr/local/bin
PATH: /usr/bin
PATH: /bin
PATH: /usr/sbin
PATH: /sbin
PATH: /usr/local/bin
PATH: /usr/X11/bin
PATH: /usr/local/jruby/bin
PATH: /usr/local/ec2-api-tools/bin
PATH: /usr/local/jruby/bin
PATH: /usr/local/ec2-api-tools/bin
PATH: /usr/local/jruby/bin
PATH: /usr/local/ec2-api-tools/bin


## ----------- ##
## Core tests. ##
## ----------- ##

configure:2318: checking for grep that handles long lines and -e
configure:2378: result: /usr/bin/grep
configure:2383: checking for egrep
configure:2447: result: /usr/bin/grep -E
configure:2452: checking for a sed that does not truncate output
configure:2506: result: /opt/local/bin/gsed
configure:2629: checking for gcc
configure:2645: found /usr/bin/gcc
configure:2656: result: gcc
configure:2888: checking for C compiler version
configure:2896: gcc --version >&5
i686-apple-darwin9-gcc-4.0.1 (GCC) 4.0.1 (Apple Inc. build 5490)
Copyright (C) 2005 Free Software Foundation, Inc.
This is free software; see the source for copying conditions.  There is NO
warranty; not even for MERCHANTABILITY or FITNESS FOR A PARTICULAR PURPOSE.

configure:2900: $? = 0
configure:2907: gcc -v >&5
Using built-in specs.
Target: i686-apple-darwin9
Configured with: /var/tmp/gcc/gcc-5490~1/src/configure --disable-checking -enable-werror --prefix=/usr --mandir=/share/man --enable-languages=c,objc,c++,obj-c++ --program-transform-name=/^[cg][^.-]*$/s/$/-4.0/ --with-gxx-include-dir=/include/c++/4.0.0 --with-slibdir=/usr/lib --build=i686-apple-darwin9 --with-arch=apple --with-tune=generic --host=i686-apple-darwin9 --target=i686-apple-darwin9
Thread model: posix
gcc version 4.0.1 (Apple Inc. build 5490)
configure:2911: $? = 0
configure:2918: gcc -V >&5
gcc-4.0: argument to `-V' is missing
configure:2922: $? = 1
configure:2945: checking for C compiler default output file name
configure:2967: gcc    conftest.c  >&5
configure:2971: $? = 0
configure:3009: result: a.out
configure:3028: checking whether the C compiler works
configure:3038: ./a.out
configure:3042: $? = 0
configure:3061: result: yes
configure:3068: checking whether we are cross compiling
configure:3070: result: no
configure:3073: checking for suffix of executables
configure:3080: gcc -o conftest    conftest.c  >&5
configure:3084: $? = 0
configure:3110: result: 
configure:3116: checking for suffix of object files
configure:3142: gcc -c   conftest.c >&5
configure:3146: $? = 0
configure:3171: result: o
configure:3175: checking whether we are using the GNU C compiler
configure:3204: gcc -c   conftest.c >&5
configure:3211: $? = 0
configure:3228: result: yes
configure:3237: checking whether gcc accepts -g
configure:3267: gcc -c -g  conftest.c >&5
configure:3274: $? = 0
configure:3375: result: yes
configure:3392: checking for gcc option to accept ISO C89
configure:3466: gcc  -c -g -O2  conftest.c >&5
configure:3473: $? = 0
configure:3496: result: none needed
configure:3520: checking how to run the C preprocessor
configure:3560: gcc -E  conftest.c
configure:3567: $? = 0
configure:3598: gcc -E  conftest.c
conftest.c:8:28: error: ac_nonexistent.h: No such file or directory
configure:3605: $? = 1
configure: failed program was:
| /* confdefs.h.  */
| #define PACKAGE_NAME ""
| #define PACKAGE_TARNAME ""
| #define PACKAGE_VERSION ""
| #define PACKAGE_STRING ""
| #define PACKAGE_BUGREPORT ""
| /* end confdefs.h.  */
| #include <ac_nonexistent.h>
configure:3638: result: gcc -E
configure:3667: gcc -E  conftest.c
configure:3674: $? = 0
configure:3705: gcc -E  conftest.c
conftest.c:8:28: error: ac_nonexistent.h: No such file or directory
configure:3712: $? = 1
configure: failed program was:
| /* confdefs.h.  */
| #define PACKAGE_NAME ""
| #define PACKAGE_TARNAME ""
| #define PACKAGE_VERSION ""
| #define PACKAGE_STRING ""
| #define PACKAGE_BUGREPORT ""
| /* end confdefs.h.  */
| #include <ac_nonexistent.h>
configure:3754: checking for icc
configure:3767: result: no
configure:3780: checking whether gcc and cc understand -c and -o together
configure:3815: gcc -c conftest.c -o conftest2.o >&5
configure:3819: $? = 0
configure:3825: gcc -c conftest.c -o conftest2.o >&5
configure:3829: $? = 0
configure:3840: cc -c conftest.c >&5
configure:3844: $? = 0
configure:3852: cc -c conftest.c -o conftest2.o >&5
configure:3856: $? = 0
configure:3862: cc -c conftest.c -o conftest2.o >&5
configure:3866: $? = 0
configure:3884: result: yes
configure:3900: checking for system library directory
configure:3918: result: lib
configure:3925: checking if compiler supports -R
configure:3954: gcc -o conftest -g -O2   conftest.c -R /usr/lib  >&5
ld: in /usr/lib, can't map file, errno=22
collect2: ld returned 1 exit status
configure:3961: $? = 1
configure: failed program was:
| /* confdefs.h.  */
| #define PACKAGE_NAME ""
| #define PACKAGE_TARNAME ""
| #define PACKAGE_VERSION ""
| #define PACKAGE_STRING ""
| #define PACKAGE_BUGREPORT ""
| /* end confdefs.h.  */
| 
| int
| main ()
| {
| 
|   ;
|   return 0;
| }
configure:3983: result: no
configure:3988: checking if compiler supports -Wl,-rpath,
configure:4017: gcc -o conftest -g -O2   conftest.c -Wl,-rpath,/usr/lib  >&5
configure:4024: $? = 0
configure:4046: result: yes
configure:4095: checking build system type
configure:4113: result: i686-apple-darwin9.7.0
configure:4135: checking host system type
configure:4150: result: i686-apple-darwin9.7.0
configure:4172: checking target system type
configure:4187: result: i686-apple-darwin9.7.0
configure:4299: checking for PHP prefix
configure:4301: result: /usr
configure:4303: checking for PHP includes
configure:4305: result: -I/usr/include/php -I/usr/include/php/main -I/usr/include/php/TSRM -I/usr/include/php/Zend -I/usr/include/php/ext -I/usr/include/php/ext/date/lib
configure:4307: checking for PHP extension directory
configure:4309: result: /usr/lib/php/extensions/no-debug-non-zts-20060613
configure:4311: checking for PHP installed headers prefix
configure:4313: result: /usr/include/php
configure:4316: checking if debug is enabled
configure:4345: result: no
configure:4348: checking if zts is enabled
configure:4378: result: no
configure:4451: checking for re2c
configure:4481: result: no
configure:4506: WARNING: You will need re2c 0.13.4 or later if you want to regenerate PHP parsers.
configure:4520: checking for gawk
configure:4537: found /opt/local/bin/gawk
configure:4548: result: gawk
configure:4595: checking whether to enable MDL support
configure:4637: result: yes, shared
configure:5033: checking for ld used by gcc
configure:5100: result: /usr/libexec/gcc/i686-apple-darwin9/4.0.1/ld
configure:5109: checking if the linker (/usr/libexec/gcc/i686-apple-darwin9/4.0.1/ld) is GNU ld
configure:5124: result: no
configure:5129: checking for /usr/libexec/gcc/i686-apple-darwin9/4.0.1/ld option to reload object files
configure:5136: result: -r
configure:5154: checking for BSD-compatible nm
configure:5196: result: /usr/bin/nm -p
configure:5200: checking whether ln -s works
configure:5204: result: yes
configure:5211: checking how to recognise dependent libraries
configure:5383: result: pass_all
configure:5590: checking for ANSI C header files
configure:5620: gcc -c -g -O2 -I/usr/include/php conftest.c >&5
configure:5627: $? = 0
configure:5726: gcc -o conftest -g -O2 -I/usr/include/php  conftest.c  >&5
configure:5730: $? = 0
configure:5736: ./conftest
configure:5740: $? = 0
configure:5758: result: yes
configure:5782: checking for sys/types.h
configure:5803: gcc -c -g -O2 -I/usr/include/php conftest.c >&5
configure:5810: $? = 0
configure:5827: result: yes
configure:5782: checking for sys/stat.h
configure:5803: gcc -c -g -O2 -I/usr/include/php conftest.c >&5
configure:5810: $? = 0
configure:5827: result: yes
configure:5782: checking for stdlib.h
configure:5803: gcc -c -g -O2 -I/usr/include/php conftest.c >&5
configure:5810: $? = 0
configure:5827: result: yes
configure:5782: checking for string.h
configure:5803: gcc -c -g -O2 -I/usr/include/php conftest.c >&5
configure:5810: $? = 0
configure:5827: result: yes
configure:5782: checking for memory.h
configure:5803: gcc -c -g -O2 -I/usr/include/php conftest.c >&5
configure:5810: $? = 0
configure:5827: result: yes
configure:5782: checking for strings.h
configure:5803: gcc -c -g -O2 -I/usr/include/php conftest.c >&5
configure:5810: $? = 0
configure:5827: result: yes
configure:5782: checking for inttypes.h
configure:5803: gcc -c -g -O2 -I/usr/include/php conftest.c >&5
configure:5810: $? = 0
configure:5827: result: yes
configure:5782: checking for stdint.h
configure:5803: gcc -c -g -O2 -I/usr/include/php conftest.c >&5
configure:5810: $? = 0
configure:5827: result: yes
configure:5782: checking for unistd.h
configure:5803: gcc -c -g -O2 -I/usr/include/php conftest.c >&5
configure:5810: $? = 0
configure:5827: result: yes
configure:5857: checking dlfcn.h usability
configure:5874: gcc -c -g -O2 -I/usr/include/php conftest.c >&5
configure:5881: $? = 0
configure:5895: result: yes
configure:5899: checking dlfcn.h presence
configure:5914: gcc -E -I/usr/include/php conftest.c
configure:5921: $? = 0
configure:5935: result: yes
configure:5963: checking for dlfcn.h
configure:5972: result: yes
configure:6001: checking the maximum length of command line arguments
configure:6093: result: 196608
configure:6104: checking command to parse /usr/bin/nm -p output from gcc object
configure:6200: gcc -c -g -O2 -I/usr/include/php conftest.c >&5
configure:6203: $? = 0
configure:6207: /usr/bin/nm -p conftest.o \| sed -n -e 's/^.*[ 	]\([BCDEGRST][BCDEGRST]*\)[ 	][ 	]*\([_A-Za-z][_A-Za-z0-9]*\)$/\1 \2 \2/p' \> conftest.nm
configure:6210: $? = 0
cannot find nm_test_var in conftest.nm
configure:6200: gcc -c -g -O2 -I/usr/include/php conftest.c >&5
configure:6203: $? = 0
configure:6207: /usr/bin/nm -p conftest.o \| sed -n -e 's/^.*[ 	]\([BCDEGRST][BCDEGRST]*\)[ 	][ 	]*_\([_A-Za-z][_A-Za-z0-9]*\)$/\1 _\2 \2/p' \> conftest.nm
configure:6210: $? = 0
configure:6262: gcc -o conftest -g -O2 -I/usr/include/php  conftest.c conftstm.o >&5
configure:6265: $? = 0
configure:6303: result: ok
configure:6307: checking for objdir
configure:6322: result: .libs
configure:6414: checking for ar
configure:6430: found /usr/bin/ar
configure:6441: result: ar
configure:6506: checking for ranlib
configure:6522: found /usr/bin/ranlib
configure:6533: result: ranlib
configure:6598: checking for strip
configure:6614: found /usr/bin/strip
configure:6625: result: strip
configure:6923: checking if gcc static flag  works
configure:6951: result: yes
configure:6973: checking if gcc supports -fno-rtti -fno-exceptions
configure:6991: gcc -c -g -O2 -I/usr/include/php -fno-rtti -fno-exceptions conftest.c >&5
cc1: warning: command line option "-fno-rtti" is valid for C++/ObjC++ but not for C
configure:6995: $? = 0
configure:7008: result: no
configure:7023: checking for gcc option to produce PIC
configure:7227: result: -fno-common
configure:7235: checking if gcc PIC flag -fno-common works
configure:7253: gcc -c -g -O2 -I/usr/include/php -fno-common -DPIC conftest.c >&5
configure:7257: $? = 0
configure:7270: result: yes
configure:7294: checking if gcc supports -c -o file.o
configure:7315: gcc -c -g -O2 -I/usr/include/php -o out/conftest2.o conftest.c >&5
configure:7319: $? = 0
configure:7341: result: yes
configure:7367: checking whether the gcc linker (/usr/libexec/gcc/i686-apple-darwin9/4.0.1/ld) supports shared libraries
configure:8211: result: yes
configure:8282: checking dynamic linker characteristics
configure:8857: result: darwin9.7.0 dyld
configure:8861: checking how to hardcode library paths into programs
configure:8886: result: immediate
configure:8900: checking whether stripping libraries is possible
configure:8913: result: yes
configure:9730: checking if libtool supports shared libraries
configure:9732: result: yes
configure:9735: checking whether to build shared libraries
configure:9756: result: yes
configure:9759: checking whether to build static libraries
configure:9763: result: no
configure:9856: result:
creating libtool
configure:14214: creating ./config.status

## ---------------------- ##
## Running config.status. ##
## ---------------------- ##

This file was extended by config.status, which was
generated by GNU Autoconf 2.63.  Invocation command line was

  CONFIG_FILES    = 
  CONFIG_HEADERS  = 
  CONFIG_LINKS    = 
  CONFIG_COMMANDS = 
  $ ./config.status 

on dm-mac-work.local

config.status:607: creating config.h
config.status:741: config.h is unchanged

## ---------------- ##
## Cache variables. ##
## ---------------- ##

ac_cv_build=i686-apple-darwin9.7.0
ac_cv_c_compiler_gnu=yes
ac_cv_env_CC_set=
ac_cv_env_CC_value=
ac_cv_env_CFLAGS_set=
ac_cv_env_CFLAGS_value=
ac_cv_env_CPPFLAGS_set=
ac_cv_env_CPPFLAGS_value=
ac_cv_env_CPP_set=
ac_cv_env_CPP_value=
ac_cv_env_LDFLAGS_set=
ac_cv_env_LDFLAGS_value=
ac_cv_env_LIBS_set=
ac_cv_env_LIBS_value=
ac_cv_env_build_alias_set=
ac_cv_env_build_alias_value=
ac_cv_env_host_alias_set=
ac_cv_env_host_alias_value=
ac_cv_env_target_alias_set=
ac_cv_env_target_alias_value=
ac_cv_header_dlfcn_h=yes
ac_cv_header_inttypes_h=yes
ac_cv_header_memory_h=yes
ac_cv_header_stdc=yes
ac_cv_header_stdint_h=yes
ac_cv_header_stdlib_h=yes
ac_cv_header_string_h=yes
ac_cv_header_strings_h=yes
ac_cv_header_sys_stat_h=yes
ac_cv_header_sys_types_h=yes
ac_cv_header_unistd_h=yes
ac_cv_host=i686-apple-darwin9.7.0
ac_cv_objext=o
ac_cv_path_EGREP='/usr/bin/grep -E'
ac_cv_path_GREP=/usr/bin/grep
ac_cv_prog_AWK=gawk
ac_cv_prog_CPP='gcc -E'
ac_cv_prog_ac_ct_AR=ar
ac_cv_prog_ac_ct_CC=gcc
ac_cv_prog_ac_ct_RANLIB=ranlib
ac_cv_prog_ac_ct_STRIP=strip
ac_cv_prog_cc_c89=
ac_cv_prog_cc_g=yes
ac_cv_prog_cc_gcc_c_o=yes
ac_cv_target=i686-apple-darwin9.7.0
lt_cv_deplibs_check_method=pass_all
lt_cv_file_magic_cmd='$MAGIC_CMD'
lt_cv_file_magic_test_file=
lt_cv_ld_reload_flag=-r
lt_cv_objdir=.libs
lt_cv_path_LD=/usr/libexec/gcc/i686-apple-darwin9/4.0.1/ld
lt_cv_path_NM='/usr/bin/nm -p'
lt_cv_path_SED=/opt/local/bin/gsed
lt_cv_prog_compiler_c_o=yes
lt_cv_prog_compiler_rtti_exceptions=no
lt_cv_prog_gnu_ld=no
lt_cv_sys_global_symbol_pipe='sed -n -e '\''s/^.*[ 	]\([BCDEGRST][BCDEGRST]*\)[ 	][ 	]*_\([_A-Za-z][_A-Za-z0-9]*\)$/\1 _\2 \2/p'\'''
lt_cv_sys_global_symbol_to_c_name_address='sed -n -e '\''s/^: \([^ ]*\) $/  {\"\1\", (lt_ptr) 0},/p'\'' -e '\''s/^[BCDEGRST] \([^ ]*\) \([^ ]*\)$/  {"\2", (lt_ptr) \&\2},/p'\'''
lt_cv_sys_global_symbol_to_cdecl='sed -n -e '\''s/^. .* \(.*\)$/extern int \1;/p'\'''
lt_cv_sys_max_cmd_len=196608
lt_lt_cv_prog_compiler_c_o='"yes"'
lt_lt_cv_sys_global_symbol_pipe='"sed -n -e '\''s/^.*[ 	]\\([BCDEGRST][BCDEGRST]*\\)[ 	][ 	]*_\\([_A-Za-z][_A-Za-z0-9]*\\)\$/\\1 _\\2 \\2/p'\''"'
lt_lt_cv_sys_global_symbol_to_c_name_address='"sed -n -e '\''s/^: \\([^ ]*\\) \$/  {\\\"\\1\\\", (lt_ptr) 0},/p'\'' -e '\''s/^[BCDEGRST] \\([^ ]*\\) \\([^ ]*\\)\$/  {\"\\2\", (lt_ptr) \\&\\2},/p'\''"'
lt_lt_cv_sys_global_symbol_to_cdecl='"sed -n -e '\''s/^. .* \\(.*\\)\$/extern int \\1;/p'\''"'
php_cv_cc_dashr=no
php_cv_cc_rpath=yes

## ----------------- ##
## Output variables. ##
## ----------------- ##

AR='ar'
AWK='gawk'
CC='gcc'
CFLAGS='-g -O2'
CONFIGURE_COMMAND=' '\''./configure'\'' '
CONFIGURE_OPTIONS=''
CPP='gcc -E'
CPPFLAGS='-I/usr/include/php -DHAVE_CONFIG_H'
DEFS='-DHAVE_CONFIG_H'
ECHO='/opt/local/bin/echo'
ECHO_C='\c'
ECHO_N=''
ECHO_T=''
EGREP='/usr/bin/grep -E'
EXEEXT=''
GREP='/usr/bin/grep'
LDFLAGS=''
LIBOBJS=''
LIBS=''
LIBTOOL='$(SHELL) $(top_builddir)/libtool'
LN_S='ln -s'
LTLIBOBJS=''
OBJEXT='o'
PACKAGE_BUGREPORT=''
PACKAGE_NAME=''
PACKAGE_STRING=''
PACKAGE_TARNAME=''
PACKAGE_VERSION=''
PATH_SEPARATOR=':'
RANLIB='ranlib'
RE2C='exit 0;'
SED='/opt/local/bin/gsed'
SHELL='/bin/sh'
SHLIB_DL_SUFFIX_NAME='so'
SHLIB_SUFFIX_NAME='dylib'
STRIP='strip'
ac_ct_CC='gcc'
bindir='${exec_prefix}/bin'
build='i686-apple-darwin9.7.0'
build_alias=''
build_cpu='i686'
build_os='darwin9.7.0'
build_vendor='apple'
datadir='${datarootdir}'
datarootdir='${prefix}/share'
docdir='${datarootdir}/doc/${PACKAGE}'
dvidir='${docdir}'
exec_prefix='$(prefix)'
host='i686-apple-darwin9.7.0'
host_alias='i686-apple-darwin9.7.0'
host_cpu='i686'
host_os='darwin9.7.0'
host_vendor='apple'
htmldir='${docdir}'
includedir='${prefix}/include'
infodir='${datarootdir}/info'
libdir='${exec_prefix}/lib'
libexecdir='${exec_prefix}/libexec'
localedir='${datarootdir}/locale'
localstatedir='${prefix}/var'
mandir='${datarootdir}/man'
oldincludedir='/usr/include'
pdfdir='${docdir}'
prefix='/usr'
program_transform_name='s,x,x,'
psdir='${docdir}'
sbindir='${exec_prefix}/sbin'
sharedstatedir='${prefix}/com'
sysconfdir='${prefix}/etc'
target='i686-apple-darwin9.7.0'
target_alias=''
target_cpu='i686'
target_os='darwin9.7.0'
target_vendor='apple'

## ----------- ##
## confdefs.h. ##
## ----------- ##

#define PACKAGE_NAME ""
#define PACKAGE_TARNAME ""
#define PACKAGE_VERSION ""
#define PACKAGE_STRING ""
#define PACKAGE_BUGREPORT ""
#define HAVE_MDL 1
#define COMPILE_DL_MDL 1
#define STDC_HEADERS 1
#define HAVE_SYS_TYPES_H 1
#define HAVE_SYS_STAT_H 1
#define HAVE_STDLIB_H 1
#define HAVE_STRING_H 1
#define HAVE_MEMORY_H 1
#define HAVE_STRINGS_H 1
#define HAVE_INTTYPES_H 1
#define HAVE_STDINT_H 1
#define HAVE_UNISTD_H 1
#define HAVE_DLFCN_H 1

configure: exit 0
